142844
109234
160054
66761
123258
146196
55249
104347
75468
86485
39015
172296
39587
112481
166473
80681
174314
138906
110512
123008
108863
90036
20312
119983
181179
56743
123891
32432
148839
193498
127663
89179
46359
87284
120428
73220
75557
148598
121154
110142
75803
120899
105595
153010
51574
19043
126333
38895
49089
116079
58152
147070
71717
161773
123102
132102
65599
92637
102036
168246
58912
180315
102252
159860
131535
97072
76649
72828
113063
160631
61325
170936
86842
64835
43129
80528
136821
55983
134939
125079
182587
141910
56500
70263
123034
151932
148360
119291
113930
62566
93693
107476
62056
108925
133508
6976
145343
78463
79752
116483
50774
62359
42963
115957
132081
123602
111124
171032
125973
54535
151743
77141
71422
87742
127811
84800
63646
5655
118793
139754
42830
126112
141095
95936
39528
34290
48281
60939
126356
142177
130677
116884
40322
69563
120602
89822
90046
166252
85847
102147
16846
50710
122636
128800
147160
110809
79366
147491
55024
115222
48727
83960
138150
140120
163004
39924
105570
34333
87420
90118
60568
73502
95508
68984
55044
37282
22412
76414
155988
98190
75114
60170
125322
164561
67756
133178
160560
159386
166050
112342
189295
122010
135825
114443
173130
63893
117994
110594
30229
88446
35084
40808
64860
79051
99228
66629
112634
152045
26335
127127
76101
78899
121589
144058
50678
112855
125304
168288
98195
158815
131995
142356
128997
141977
61354
152576
85375
107767
146168
62665
48042
74055
121657
71954
50138
72060
48639
147370
158304
44505
94615
49920
77132
114371
42724
133451
177123
120819
178745
73480
129023
75686
36339
87235
9478
62334
139581
93209
135008
142991
92161
165006
77444
124230
98853
198996
147346
96310
35155
124776
108116
94236
101566
94267
167284
37485
91976
152160
114419
134033
104041
86212
111761
118703
74468
110127
58778
136821
107639
139720
131863
39796
186314
101237
102830
106025
136332
83083
38132
49390
154842
37160
62976
133330
116172
49315
52911
85695
29944
67110
183728
72231
119150
156515
92524
58662
90996
129659
152713
142091
110229
73615
90531
50181
142253
183723
132679
91450
136246
49153
73742
94947
156638
94683
67937
109510
60945
54007
84815
64949
93952
170396
22596
103687
12311
72893
47713
4920
127339
182975
106954
96532
69195
54419
148354
110953
104693
85202
41114
111759
84165
45543
127202
84048
70676
90219
126939
82150
805
122725
108503
100700
118550
63613
99016
121072
106523
4365
124296
156395
145037
104104
105143
104633
16838
99738
79501
125926
48088
136161
54712
23390
117178
39241
28345
195329
66592
100965
98889
16563
191227
104446
138498
79196
128456
77703
171953
127955
107900
100754
127226
195416
131652
88826
116971
34323
115255
121881
78043
121399
73062
173009
103699
53615
138934
60068
77592
84085
132095
113849
88394
75455
148112
152414
150566
95129
96810
124108
102700
103633
89675
149492
165336
168152
106550
94624
176052
103951
73379
119034
95042
76647
153232
100468
147716
135294
59171
34244
160549
175296
143689
82924
130751
89913
92821
187342
113280
6464
61561
147861
63685
71405
32381
162896
98638
150178
112630
121522
78212
148675
174727
87074
80360
163437
184104
135535
141849
29525
61179
64856
153776
139922
16611
60861
104054
107754
133455
107877
106210
113821
136143
52968
101942
105754
106173
31006
88035
168093
16252
74284
54251
99487
77875
137564
47862
129628
109206
134666
97955
183612
95170
57930
79164
82086
102408
66163
171781
80339
40912
83094
15371
76873
149756
115053
95798
162018
97418
107729
161542
54813
90766
127710
140550
101968
39894
67281
180197
52756
47275
31637
117955
172292
101416
110575
87652
95514
93540
94725
136424
120991
142380
30911
97898
83645
41672
100072
82733
115591
79771
111344
121946
104620
102765
75825
49071
108477
131849
103897
82339
102715
21574
147283
102612
83698
123722
89724
112227
66663
91661
138548
61767
69092
171718
166843
88255
160094
68900
120683
118378
70445
103611
141122
25076
82089
33601
46607
156799
93333
42178
143089
142017
79851
69997
94632
137160
91133
78374
178889
70779
140530
149188
157142
93178
74688
120068
86746
68598
50274
56738
63572
116110
119857
97758
85645
159556
66867
103546
143321
163508
169202
173829
36875
74642
104602
147616
74280
101210
118939
98282
91572
84642
23157
152402
77576
45917
144767
26713
86724
112797
66733
65777
19680
133655
76375
108677
135681
71278
47312
132233
148890
105034
46913
89712
147039
67308
83542
78877
43185
70728
109135
94847
103104
38181
153893
142918
99582
164790
137845
13741
106665
158828
105279
151161
85039
49879
42189
103676
38835
32018
61954
72847
99720
68159
54343
93366
64488
128113
162469
105131
84881
82559
139020
30544
69244
147865
166649
141501
34470
127210
115322
45862
124097
48418
134581
89029
105789
36852
113874
126508
86529
109489
39522
48859
117833
65830
37658
139479
121775
106751
152495
68657
84328
184920
124195
142512
28259
108710
134358
92114
75362
50864
161573
145893
107490
31836
132970
83408
113414
167675
82149
150599
63079
42000
106043
167728
45361
184532
100835
87989
130645
163351
133606
38415
169275
79723
86012
87183
176439
120178
108564
163066
45224
128755
108407
103863
167447
69838
163845
111077
172079
87182
65533
129971
98134
120023
58032
97786
122921
85736
157621
22745
112345
12719
77916
69598
130790
139525
84734
155007
37918
53104
132937
125298
158643
98681
20190
116754
44852
80523
103851
75011
86906
102436
68183
45899
109760
105174
70935
141286
34130
97279
36311
102234
45132
51498
29695
125060
187799
135455
93346
134958
122454
107710
98551
59407
89992
111523
117634
44050
87845
141289
130744
67019
42523
65006
133701
74473
130457
77896
102731
125187
98566
119032
103902
129433
85364
139706
87435
111395
77724
159152
118023
150758
14169
85406
158928
162660
79690
188568
148617
101577
92693
135632
88085
112997
101437
116816
151411
41802
112785
59839
68937
36168
93983
51961
163155
108250
97593
45360
106565
144119
89035
160434
77443
55542
41526
177989
30673
137321
76605
85185
70189
130652
104997
86494
49469
143412
73528
108490
37493
111451
96901
86054
91083
112908
79371
88069
57815
161735
90453
131564
11243
57335
114474
68819
87748
39256
166167
109327
128401
73504
60941
132487
101675
141397
167405
135520
30232
177831
140385
126713
137360
20872
69898
126838
90870
89066
71623
17667
98896
149489
46527
167291
88147
37927
39398
65731
76435
160807
153799
120683
120950
94810
40773
87489
111582
85665
108705
43936
72980
181425
28208
75203
65217
104319
173310
87116
118008
96987
40346
85113
106381
146813
110116
91139
64138
115085
90979
104393
123446
100905
174609
54589
49093
32391
146795
60044
115477
123928
121032
